<?xml version="1.0" encoding="UTF-8"?>
<testng-results ignored="0" total="1" passed="1" failed="0" skipped="0">
  <reporter-output>
  </reporter-output>
  <suite started-at="2023-07-02T21:39:14 CDT" name="Default suite" finished-at="2023-07-02T21:39:21 CDT" duration-ms="7885">
    <groups>
    </groups>
    <test started-at="2023-07-02T21:39:14 CDT" name="Default test" finished-at="2023-07-02T21:39:21 CDT" duration-ms="7885">
      <class name="hw3.Hw3">
        <test-method signature="homework()[pri:0, instance:hw3.Hw3@53f48368]" started-at="2023-07-02T21:39:14 CDT" name="homework" finished-at="2023-07-02T21:39:21 CDT" duration-ms="7782" status="PASS">
          <reporter-output>
          </reporter-output>
        </test-method> <!-- homework -->
      </class> <!-- hw3.Hw3 -->
    </test> <!-- Default test -->
  </suite> <!-- Default suite -->
</testng-results>
